11-7-2021 11:19:56: Запущена программа
11-7-2021 11:19:58: Граф построен
11-7-2021 11:19:59: Запущена автоматическая визуализация
11-7-2021 11:19:59: Таблица обновлена
11-7-2021 11:20:00: Таблица обновлена
11-7-2021 11:20:00: Очередь обновлена. Текущая очередь: (A 0)(D ∞)(C ∞)(B ∞)
11-7-2021 11:20:00: Таблица обновлена
11-7-2021 11:20:00: Текущая вершина обновлена. Новая текущая вершина: A
11-7-2021 11:20:01: Таблица обновлена
11-7-2021 11:20:01: Таблица обновлена
11-7-2021 11:20:01: Найден новый путь: A=0
11-7-2021 11:20:02: Таблица обновлена
11-7-2021 11:20:02: Очередь обновлена. Текущая очередь: (B 1)(C ∞)(D 4)
11-7-2021 11:20:02: Таблица обновлена
11-7-2021 11:20:02: Текущая вершина обновлена. Новая текущая вершина: B
11-7-2021 11:20:03: Автоматическая визуализация графа остановлена
11-7-2021 11:20:04: Граф построен
11-7-2021 11:20:05: Запущена пошаговая визуализация
11-7-2021 11:20:05: Таблица обновлена
11-7-2021 11:20:06: Переход на следующий шаг
11-7-2021 11:20:06: Таблица обновлена
11-7-2021 11:20:06: Очередь обновлена. Текущая очередь: (A 0)(I ∞)(C ∞)(B ∞)(E ∞)(F ∞)(G ∞)(H ∞)(D ∞)
11-7-2021 11:20:06: Переход на следующий шаг
11-7-2021 11:20:06: Таблица обновлена
11-7-2021 11:20:06: Текущая вершина обновлена. Новая текущая вершина: A
11-7-2021 11:20:06: Переход на следующий шаг
11-7-2021 11:20:06: Таблица обновлена
11-7-2021 11:20:07: Переход на следующий шаг
11-7-2021 11:20:07: Таблица обновлена
11-7-2021 11:20:07: Найден новый путь: A=0
11-7-2021 11:20:07: Переход на следующий шаг
11-7-2021 11:20:07: Таблица обновлена
11-7-2021 11:20:07: Очередь обновлена. Текущая очередь: (E 4)(F 5)(C ∞)(D ∞)(H ∞)(B ∞)(G ∞)(I ∞)
11-7-2021 11:20:07: Переход на следующий шаг
11-7-2021 11:20:07: Таблица обновлена
11-7-2021 11:20:07: Текущая вершина обновлена. Новая текущая вершина: E
11-7-2021 11:20:07: Переход на следующий шаг
11-7-2021 11:20:07: Таблица обновлена
11-7-2021 11:20:07: Переход на предыдущий шаг
11-7-2021 11:20:07: Таблица обновлена
11-7-2021 11:20:07: Текущая вершина обновлена. Новая текущая вершина: E
11-7-2021 11:20:08: Переход на предыдущий шаг
11-7-2021 11:20:08: Таблица обновлена
11-7-2021 11:20:08: Очередь обновлена. Текущая очередь: (E 4)(F 5)(C ∞)(D ∞)(H ∞)(B ∞)(G ∞)(I ∞)
11-7-2021 11:20:08: Переход на предыдущий шаг
11-7-2021 11:20:08: Таблица обновлена
11-7-2021 11:20:08: Найден новый путь: A=0
11-7-2021 11:20:08: Переход на предыдущий шаг
11-7-2021 11:20:08: Таблица обновлена
11-7-2021 11:20:08: Переход на предыдущий шаг
11-7-2021 11:20:08: Таблица обновлена
11-7-2021 11:20:08: Текущая вершина обновлена. Новая текущая вершина: A
11-7-2021 11:20:08: Переход на предыдущий шаг
11-7-2021 11:20:08: Таблица обновлена
11-7-2021 11:20:08: Очередь обновлена. Текущая очередь: (A 0)(I ∞)(C ∞)(B ∞)(E ∞)(F ∞)(G ∞)(H ∞)(D ∞)
11-7-2021 11:20:09: Добавлена вершина
11-7-2021 11:20:12: Переход на следующий шаг
11-7-2021 11:20:12: Таблица обновлена
11-7-2021 11:20:12: Текущая вершина обновлена. Новая текущая вершина: A
11-7-2021 11:20:12: Переход на следующий шаг
11-7-2021 11:20:12: Таблица обновлена
11-7-2021 11:20:13: Переход на следующий шаг
11-7-2021 11:20:13: Таблица обновлена
11-7-2021 11:20:13: Найден новый путь: A=0
11-7-2021 11:20:13: Переход на следующий шаг
11-7-2021 11:20:13: Таблица обновлена
11-7-2021 11:20:13: Очередь обновлена. Текущая очередь: (E 4)(F 5)(C ∞)(D ∞)(H ∞)(B ∞)(G ∞)(I ∞)
11-7-2021 11:20:13: Переход на следующий шаг
11-7-2021 11:20:13: Таблица обновлена
11-7-2021 11:20:13: Текущая вершина обновлена. Новая текущая вершина: E
11-7-2021 11:20:13: Переход на следующий шаг
11-7-2021 11:20:13: Таблица обновлена
11-7-2021 11:20:13: Переход на следующий шаг
11-7-2021 11:20:13: Таблица обновлена
11-7-2021 11:20:13: Найден новый путь: A->E=4
11-7-2021 11:20:13: Переход на следующий шаг
11-7-2021 11:20:13: Таблица обновлена
11-7-2021 11:20:13: Очередь обновлена. Текущая очередь: (F 5)(I ∞)(D 9)(G ∞)(H ∞)(B ∞)(C ∞)
11-7-2021 11:20:13: Переход на следующий шаг
11-7-2021 11:20:13: Таблица обновлена
11-7-2021 11:20:13: Текущая вершина обновлена. Новая текущая вершина: F
11-7-2021 11:20:13: Переход на следующий шаг
11-7-2021 11:20:13: Таблица обновлена
11-7-2021 11:20:14: Переход на следующий шаг
11-7-2021 11:20:14: Таблица обновлена
11-7-2021 11:20:14: Найден новый путь: A->F=5
11-7-2021 11:20:14: Переход на следующий шаг
11-7-2021 11:20:14: Таблица обновлена
11-7-2021 11:20:14: Очередь обновлена. Текущая очередь: (B 7)(I ∞)(D 7)(G ∞)(H ∞)(C 10)
11-7-2021 11:20:14: Переход на следующий шаг
11-7-2021 11:20:14: Таблица обновлена
11-7-2021 11:20:14: Текущая вершина обновлена. Новая текущая вершина: B
11-7-2021 11:20:17: Переход на предыдущий шаг
11-7-2021 11:20:17: Таблица обновлена
11-7-2021 11:20:17: Очередь обновлена. Текущая очередь: (B 7)(I ∞)(D 7)(G ∞)(H ∞)(C 10)
11-7-2021 11:20:17: Переход на предыдущий шаг
11-7-2021 11:20:17: Таблица обновлена
11-7-2021 11:20:17: Найден новый путь: A->F=5
11-7-2021 11:20:17: Переход на предыдущий шаг
11-7-2021 11:20:17: Таблица обновлена
11-7-2021 11:20:17: Переход на предыдущий шаг
11-7-2021 11:20:17: Таблица обновлена
11-7-2021 11:20:17: Текущая вершина обновлена. Новая текущая вершина: F
11-7-2021 11:20:17: Переход на предыдущий шаг
11-7-2021 11:20:17: Таблица обновлена
11-7-2021 11:20:17: Очередь обновлена. Текущая очередь: (F 5)(I ∞)(D 9)(G ∞)(H ∞)(B ∞)(C ∞)
11-7-2021 11:20:17: Переход на предыдущий шаг
11-7-2021 11:20:17: Таблица обновлена
11-7-2021 11:20:17: Найден новый путь: A->E=4
11-7-2021 11:20:18: Переход на предыдущий шаг
11-7-2021 11:20:18: Таблица обновлена
11-7-2021 11:20:18: Переход на предыдущий шаг
11-7-2021 11:20:18: Таблица обновлена
11-7-2021 11:20:18: Текущая вершина обновлена. Новая текущая вершина: E
11-7-2021 11:20:18: Переход на предыдущий шаг
11-7-2021 11:20:18: Таблица обновлена
11-7-2021 11:20:18: Очередь обновлена. Текущая очередь: (E 4)(F 5)(C ∞)(D ∞)(H ∞)(B ∞)(G ∞)(I ∞)
11-7-2021 11:20:19: Граф построен
11-7-2021 11:20:20: Запущена автоматическая визуализация
11-7-2021 11:20:20: Таблица обновлена
11-7-2021 11:20:22: Таблица обновлена
11-7-2021 11:20:22: Очередь обновлена. Текущая очередь: (A 0)(E ∞)(C ∞)(D ∞)(B ∞)
11-7-2021 11:20:22: Таблица обновлена
11-7-2021 11:20:22: Текущая вершина обновлена. Новая текущая вершина: A
11-7-2021 11:20:23: Таблица обновлена
11-7-2021 11:20:23: Таблица обновлена
11-7-2021 11:20:23: Найден новый путь: A=0
11-7-2021 11:20:24: Таблица обновлена
11-7-2021 11:20:24: Очередь обновлена. Текущая очередь: (D 3)(E 5)(C ∞)(B ∞)
11-7-2021 11:20:24: Таблица обновлена
11-7-2021 11:20:24: Текущая вершина обновлена. Новая текущая вершина: D
11-7-2021 11:20:25: Таблица обновлена
11-7-2021 11:20:25: Таблица обновлена
11-7-2021 11:20:25: Найден новый путь: A->D=3
11-7-2021 11:20:26: Таблица обновлена
11-7-2021 11:20:26: Очередь обновлена. Текущая очередь: (E 5)(C ∞)(B 5)
11-7-2021 11:20:26: Таблица обновлена
11-7-2021 11:20:26: Текущая вершина обновлена. Новая текущая вершина: E
11-7-2021 11:20:27: Таблица обновлена
11-7-2021 11:20:27: Таблица обновлена
11-7-2021 11:20:27: Найден новый путь: A->D->B=5
11-7-2021 11:20:28: Таблица обновлена
11-7-2021 11:20:28: Очередь обновлена. Текущая очередь: (B 5)(C 9)
11-7-2021 11:20:28: Таблица обновлена
11-7-2021 11:20:28: Текущая вершина обновлена. Новая текущая вершина: B
11-7-2021 11:20:29: Таблица обновлена
11-7-2021 11:20:29: Таблица обновлена
11-7-2021 11:20:29: Найден новый путь: A->E=5
11-7-2021 11:20:30: Таблица обновлена
11-7-2021 11:20:30: Очередь обновлена. Текущая очередь: (C 7)
11-7-2021 11:20:30: Таблица обновлена
11-7-2021 11:20:30: Текущая вершина обновлена. Новая текущая вершина: C
11-7-2021 11:20:31: Таблица обновлена
11-7-2021 11:20:31: Таблица обновлена
11-7-2021 11:20:31: Найден новый путь: A->D->B->C=7
11-7-2021 11:20:35: Запущена пошаговая визуализация
11-7-2021 11:20:35: Таблица обновлена
11-7-2021 11:20:36: Переход на следующий шаг
11-7-2021 11:20:36: Таблица обновлена
11-7-2021 11:20:36: Очередь обновлена. Текущая очередь: (A 0)(E ∞)(C ∞)(D ∞)(B ∞)
11-7-2021 11:20:36: Переход на следующий шаг
11-7-2021 11:20:36: Таблица обновлена
11-7-2021 11:20:36: Текущая вершина обновлена. Новая текущая вершина: A
11-7-2021 11:20:36: Переход на следующий шаг
11-7-2021 11:20:36: Таблица обновлена
11-7-2021 11:20:36: Переход на следующий шаг
11-7-2021 11:20:36: Таблица обновлена
11-7-2021 11:20:36: Найден новый путь: A=0
11-7-2021 11:20:36: Переход на следующий шаг
11-7-2021 11:20:36: Таблица обновлена
11-7-2021 11:20:36: Очередь обновлена. Текущая очередь: (D 3)(E 5)(C ∞)(B ∞)
11-7-2021 11:20:36: Переход на следующий шаг
11-7-2021 11:20:36: Таблица обновлена
11-7-2021 11:20:36: Текущая вершина обновлена. Новая текущая вершина: D
11-7-2021 11:20:37: Переход на следующий шаг
11-7-2021 11:20:37: Таблица обновлена
11-7-2021 11:20:37: Переход на следующий шаг
11-7-2021 11:20:37: Таблица обновлена
11-7-2021 11:20:37: Найден новый путь: A->D=3
11-7-2021 11:20:37: Переход на следующий шаг
11-7-2021 11:20:37: Таблица обновлена
11-7-2021 11:20:37: Очередь обновлена. Текущая очередь: (E 5)(C ∞)(B 5)
11-7-2021 11:20:37: Переход на следующий шаг
11-7-2021 11:20:37: Таблица обновлена
11-7-2021 11:20:37: Текущая вершина обновлена. Новая текущая вершина: E
11-7-2021 11:20:37: Переход на следующий шаг
11-7-2021 11:20:37: Таблица обновлена
11-7-2021 11:20:37: Переход на следующий шаг
11-7-2021 11:20:37: Таблица обновлена
11-7-2021 11:20:37: Найден новый путь: A->D->B=5
11-7-2021 11:20:37: Переход на следующий шаг
11-7-2021 11:20:37: Таблица обновлена
11-7-2021 11:20:37: Очередь обновлена. Текущая очередь: (B 5)(C 9)
